<?xml version="1.0" encoding="UTF-8"?>
<!-- Generated by org.testng.reporters.JUnitReportReporter -->
<testsuite skipped="0" hostname="CognitsBryanPaz" name="FrenzyDashboard.Home_Video" tests="5" failures="0" timestamp="04 oct 2017 21:10:58 GMT" time="35.077" errors="0">
  <testcase name="AbrirNavegador" time="3.790" classname="FrenzyDashboard.Home_Video"/>
  <testcase name="URL" time="7.307" classname="FrenzyDashboard.Home_Video"/>
  <testcase name="Navegacion" time="9.642" classname="FrenzyDashboard.Home_Video"/>
  <testcase name="VerMas" time="12.817" classname="FrenzyDashboard.Home_Video"/>
  <testcase name="Video" time="1.521" classname="FrenzyDashboard.Home_Video"/>
</testsuite> <!-- FrenzyDashboard.Home_Video -->
