<?xml version="1.0" encoding="UTF-8"?>
<!-- Generated by org.testng.reporters.JUnitReportReporter -->
<testsuite skipped="0" hostname="CognitsBryanPaz" name="FrenzyDashboard.SistemaDeBits" tests="7" failures="0" timestamp="04 oct 2017 21:14:14 GMT" time="42.840" errors="0">
  <testcase name="AbrirNavegador" time="3.810" classname="FrenzyDashboard.SistemaDeBits"/>
  <testcase name="URL" time="6.441" classname="FrenzyDashboard.SistemaDeBits"/>
  <testcase name="Navegacion" time="9.471" classname="FrenzyDashboard.SistemaDeBits"/>
  <testcase name="VerMas" time="13.149" classname="FrenzyDashboard.SistemaDeBits"/>
  <testcase name="Video" time="1.452" classname="FrenzyDashboard.SistemaDeBits"/>
  <testcase name="ContactForm" time="5.014" classname="FrenzyDashboard.SistemaDeBits"/>
  <testcase name="PaginaSistemaDeBits" time="3.503" classname="FrenzyDashboard.SistemaDeBits"/>
</testsuite> <!-- FrenzyDashboard.SistemaDeBits -->
