<?xml version="1.0" encoding="UTF-8"?>
<!-- Generated by org.testng.reporters.JUnitReportReporter -->
<testsuite skipped="0" hostname="CognitsBryanPaz" name="FrenzyDashboard.CloseBrowser" tests="10" failures="0" timestamp="04 oct 2017 21:44:15 GMT" time="46.114" errors="0">
  <testcase name="AbrirNavegador" time="3.720" classname="FrenzyDashboard.CloseBrowser"/>
  <testcase name="URL" time="6.367" classname="FrenzyDashboard.CloseBrowser"/>
  <testcase name="Navegacion" time="4.312" classname="FrenzyDashboard.CloseBrowser"/>
  <testcase name="VerMas" time="12.896" classname="FrenzyDashboard.CloseBrowser"/>
  <testcase name="Video" time="1.337" classname="FrenzyDashboard.CloseBrowser"/>
  <testcase name="ContactForm" time="5.847" classname="FrenzyDashboard.CloseBrowser"/>
  <testcase name="PaginaSistemaDeBits" time="3.749" classname="FrenzyDashboard.CloseBrowser"/>
  <testcase name="VideoInBitsSystem" time="2.464" classname="FrenzyDashboard.CloseBrowser"/>
  <testcase name="Close" time="2.083" classname="FrenzyDashboard.CloseBrowser"/>
  <testcase name="Boton" time="3.339" classname="FrenzyDashboard.CloseBrowser"/>
</testsuite> <!-- FrenzyDashboard.CloseBrowser -->
