<?xml version="1.0" encoding="UTF-8"?>
<!-- Generated by org.testng.reporters.JUnitReportReporter -->
<testsuite skipped="0" hostname="CognitsBryanPaz" name="TestDashboard.Nueva_Promocion" tests="5" failures="0" timestamp="05 oct 2017 17:53:20 GMT" time="26.244" errors="0">
  <testcase name="OpenBrowser" time="3.792" classname="TestDashboard.Nueva_Promocion"/>
  <testcase name="Test_SignUp" time="13.094" classname="TestDashboard.Nueva_Promocion"/>
  <testcase name="Login_Test" time="1.105" classname="TestDashboard.Nueva_Promocion"/>
  <testcase name="f" time="1.868" classname="TestDashboard.Nueva_Promocion"/>
  <testcase name="Test_Promocion" time="6.385" classname="TestDashboard.Nueva_Promocion"/>
</testsuite> <!-- TestDashboard.Nueva_Promocion -->
