<?xml version="1.0" encoding="UTF-8"?>
<!-- Generated by org.testng.reporters.JUnitReportReporter -->
<testsuite skipped="0" hostname="CognitsBryanPaz" name="FrenzyDashboard.CalcularCosto_SistemaDeBits" tests="9" failures="0" timestamp="04 oct 2017 21:56:22 GMT" time="39.170" errors="0">
  <testcase name="AbrirNavegador" time="3.968" classname="FrenzyDashboard.CalcularCosto_SistemaDeBits"/>
  <testcase name="URL" time="5.304" classname="FrenzyDashboard.CalcularCosto_SistemaDeBits"/>
  <testcase name="Navegacion" time="4.392" classname="FrenzyDashboard.CalcularCosto_SistemaDeBits"/>
  <testcase name="VerMas" time="12.818" classname="FrenzyDashboard.CalcularCosto_SistemaDeBits"/>
  <testcase name="Video" time="1.414" classname="FrenzyDashboard.CalcularCosto_SistemaDeBits"/>
  <testcase name="ContactForm" time="4.732" classname="FrenzyDashboard.CalcularCosto_SistemaDeBits"/>
  <testcase name="PaginaSistemaDeBits" time="2.715" classname="FrenzyDashboard.CalcularCosto_SistemaDeBits"/>
  <testcase name="VideoInBitsSystem" time="2.403" classname="FrenzyDashboard.CalcularCosto_SistemaDeBits"/>
  <testcase name="Caclular" time="1.424" classname="FrenzyDashboard.CalcularCosto_SistemaDeBits"/>
</testsuite> <!-- FrenzyDashboard.CalcularCosto_SistemaDeBits -->
