<?xml version="1.0" encoding="UTF-8"?>
<!-- Generated by org.testng.reporters.JUnitReportReporter -->
<testsuite skipped="0" hostname="CognitsBryanPaz" name="FrenzyDashboard.Video_SistemaDeBits" tests="8" failures="0" timestamp="04 oct 2017 21:28:58 GMT" time="44.273" errors="0">
  <testcase name="AbrirNavegador" time="3.764" classname="FrenzyDashboard.Video_SistemaDeBits"/>
  <testcase name="URL" time="4.900" classname="FrenzyDashboard.Video_SistemaDeBits"/>
  <testcase name="Navegacion" time="9.653" classname="FrenzyDashboard.Video_SistemaDeBits"/>
  <testcase name="VerMas" time="12.885" classname="FrenzyDashboard.Video_SistemaDeBits"/>
  <testcase name="Video" time="1.371" classname="FrenzyDashboard.Video_SistemaDeBits"/>
  <testcase name="ContactForm" time="6.500" classname="FrenzyDashboard.Video_SistemaDeBits"/>
  <testcase name="PaginaSistemaDeBits" time="2.858" classname="FrenzyDashboard.Video_SistemaDeBits"/>
  <testcase name="VideoInBitsSystem" time="2.342" classname="FrenzyDashboard.Video_SistemaDeBits"/>
</testsuite> <!-- FrenzyDashboard.Video_SistemaDeBits -->
