<?xml version="1.0" encoding="UTF-8"?>
<!-- Generated by org.testng.reporters.JUnitReportReporter -->
<testsuite skipped="0" hostname="CognitsBryanPaz" name="TestDashboard.Login" tests="3" failures="0" timestamp="05 oct 2017 17:51:46 GMT" time="34.008" errors="0">
  <testcase name="OpenBrowser" time="3.648" classname="TestDashboard.Login"/>
  <testcase name="Test_SignUp" time="29.358" classname="TestDashboard.Login"/>
  <testcase name="Login_Test" time="1.002" classname="TestDashboard.Login"/>
</testsuite> <!-- TestDashboard.Login -->
