<?xml version="1.0" encoding="UTF-8"?>
<!-- Generated by org.testng.reporters.JUnitReportReporter -->
<testsuite skipped="0" hostname="CognitsBryanPaz" name="FrenzyDashboard.CuponesYPromociones" tests="10" failures="0" timestamp="04 oct 2017 22:09:34 GMT" time="46.806" errors="0">
  <testcase name="AbrirNavegador" time="3.727" classname="FrenzyDashboard.CuponesYPromociones"/>
  <testcase name="URL" time="12.413" classname="FrenzyDashboard.CuponesYPromociones"/>
  <testcase name="Navegacion" time="1.997" classname="FrenzyDashboard.CuponesYPromociones"/>
  <testcase name="VerMas" time="12.813" classname="FrenzyDashboard.CuponesYPromociones"/>
  <testcase name="Video" time="1.416" classname="FrenzyDashboard.CuponesYPromociones"/>
  <testcase name="ContactForm" time="5.271" classname="FrenzyDashboard.CuponesYPromociones"/>
  <testcase name="PaginaSistemaDeBits" time="2.764" classname="FrenzyDashboard.CuponesYPromociones"/>
  <testcase name="VideoInBitsSystem" time="2.419" classname="FrenzyDashboard.CuponesYPromociones"/>
  <testcase name="Caclular" time="1.499" classname="FrenzyDashboard.CuponesYPromociones"/>
  <testcase name="Cupones_y_Promociones" time="2.487" classname="FrenzyDashboard.CuponesYPromociones"/>
</testsuite> <!-- FrenzyDashboard.CuponesYPromociones -->
